C51 COMPILER V9.01   DS18B20_1602                                                          04/22/2015 18:47:59 PAGE 1   


C51 COMPILER V9.01, COMPILATION OF MODULE DS18B20_1602
OBJECT MODULE PLACED IN DS18B20_1602.OBJ
COMPILER INVOKED BY: D:\Keil\C51\BIN\C51.EXE DS18B20_1602.c BROWSE DEBUG OBJECTEXTEND

line level    source

   1          #include <reg52.h>
   2          #include "depend.h"
   3          #include  <math.h>  
   4          #include  <stdio.h>
   5          #include  <INTRINS.H>
   6          #define uchar unsigned char
   7          #define uint unsigned int
   8          
   9          #define RS_CLR RS=0 
  10          #define RS_SET RS=1
  11          #define RW_CLR RW=0 
  12          #define RW_SET RW=1 
  13          #define EN_CLR EN=0
  14          #define EN_SET EN=1
  15          
  16          sbit RS = P2^0;
  17          sbit RW = P2^1;
  18          sbit EN = P2^2;
  19          sbit DQ=P3^4; 
  20          
  21          uchar  m,n,w;
  22          uint  temp;
  23          uchar xdata buf[3]={0,0,0};
  24          uchar code *NUM[]={"0","1","2","3","4","5","6","7","8","9","."};
  25          
  26          void delay_us(unsigned int n);
  27          void delay_ms(unsigned char i);
  28          void LCD_write_com(unsigned char com);
  29          void LCD_write_Data(unsigned char Data);
  30          void LCD_clear(void);
  31          void LCD_write_str(unsigned char x,unsigned char y,unsigned char *s);
  32          void LCD_write_char(unsigned char x,unsigned char y,unsigned char Data);
  33          void LCD_init(void);
  34          void delay(uint i);
  35          void Init_DS18B20() ;
  36          uchar ReadOneChar();
  37          uchar WriteOneChar(unsigned char dat);
  38          void tmpchange();
  39          void tmp();
  40          void Data_Process();
  41          
  42          void main(void) 
  43          { 
  44   1      unsigned char i; 
  45   1      delay_ms(100); 
  46   1      LCD_init(); 
  47   1      LCD_clear(); 
  48   1      while (1) 
  49   1      { 
  50   2           tmpchange();  
  51   2           tmp(); 
  52   2               Data_Process(); 
  53   2                      for(i=0;i<2;i++)
  54   2                      {
  55   3                              LCD_write_char(i,1,*NUM[buf[i]]);
C51 COMPILER V9.01   DS18B20_1602                                                          04/22/2015 18:47:59 PAGE 2   

  56   3                      }  
  57   2      
  58   2      }
  59   1      }
  60          
  61          void delay_us(unsigned int n) 
  62          { 
  63   1       if (n == 0) 
  64   1        {  
  65   2        return ;  
  66   2        } 
  67   1        while (--n);
  68   1       }
  69           void delay_ms(unsigned char i) 
  70           { 
  71   1       unsigned char a, b; 
  72   1       for (a = 1; a < i; a++) 
  73   1       {
  74   2         for (b = 1; b; b++) 
  75   2         {   ;   } 
  76   2          }
  77   1       }
  78          /****************************
  79          命令写入函数
  80          ****************************/
  81          void LCD_write_com(unsigned char com) 
  82          {  
  83   1              RS_CLR; 
  84   1              RW_CLR; 
  85   1              EN_SET; 
  86   1              P0 = com; 
  87   1              delay_us(5); 
  88   1              EN_CLR;
  89   1      }
  90          
  91          /*****************************
  92          显示屏数据写入函数
  93          ****************************/
  94          void LCD_write_Data(unsigned char Data) 
  95          { 
  96   1              RS_SET; 
  97   1              RW_CLR; 
  98   1              EN_SET; 
  99   1              P0 = Data; 
 100   1              delay_us(5); 
 101   1              EN_CLR;
 102   1      }
 103          
 104          /***************************
 105          清空显示屏
 106          ****************************/
 107          void LCD_clear(void) 
 108          { 
 109   1              LCD_write_com(0x01); 
 110   1              delay_ms(5);
 111   1      }
 112          
 113          /****************************
 114          字符串写入
 115          *****************************/
 116          void LCD_write_str(unsigned char x,unsigned char y,unsigned char *s) 
 117          {     
C51 COMPILER V9.01   DS18B20_1602                                                          04/22/2015 18:47:59 PAGE 3   

 118   1              if (y == 0) 
 119   1              {     
 120   2                      LCD_write_com(0x80 + x);     
 121   2              }
 122   1              else 
 123   1              {     
 124   2                      LCD_write_com(0xC0 + x);     
 125   2              }        
 126   1              while (*s) 
 127   1              {     
 128   2                      LCD_write_Data( *s);     
 129   2                      s ++;     
 130   2              }
 131   1      }
 132          
 133          /*****************************
 134          字符写入
 135          *****************************/
 136          void LCD_write_char(unsigned char x,unsigned char y,unsigned char Data) 
 137          {     
 138   1              if (y == 0) 
 139   1              {     
 140   2                      LCD_write_com(0x80 + x);     
 141   2              }    
 142   1              else 
 143   1              {     
 144   2                      LCD_write_com(0xC0 + x);     
 145   2              }        
 146   1              LCD_write_Data( Data);  
 147   1      }
 148          
 149          /*******************************
 150          显示屏初始化
 151          ********************************/
 152          void LCD_init(void) 
 153          {
 154   1              LCD_write_com(0x38);   
 155   1              delay_ms(5); 
 156   1              LCD_write_com(0x38); 
 157   1              delay_ms(5); 
 158   1              LCD_write_com(0x38); 
 159   1              delay_ms(5); 
 160   1              LCD_write_com(0x38);  
 161   1              LCD_write_com(0x08);    
 162   1              LCD_write_com(0x01);    
 163   1              LCD_write_com(0x06);   
 164   1              delay_ms(5);
 165   1              LCD_write_com(0x0C);
 166   1      } 
 167          
 168          /*********************************
 169          延时函数
 170          **********************************/ 
 171          void delay(uint i)     
 172          { 
 173   1              while(i--); 
 174   1      }  
 175          /*********************************
 176          初始化DS18B20
 177          *********************************/
 178          void Init_DS18B20() 
 179          { 
C51 COMPILER V9.01   DS18B20_1602                                                          04/22/2015 18:47:59 PAGE 4   

 180   1              uchar x=0; 
 181   1              DQ = 1;              
 182   1              delay(8);            
 183   1              DQ = 0;              
 184   1              delay(80);          
 185   1              DQ = 1;              
 186   1              delay(14); 
 187   1              x=DQ;                 
 188   1              delay(20); 
 189   1      } 
 190          /*********************************
 191          读取字节函数
 192          *********************************/
 193          uchar ReadOneChar() 
 194          { 
 195   1              uchar i = 0; 
 196   1              uchar dat = 0; 
 197   1              for (i=8;i>0;i--) 
 198   1              { 
 199   2                      DQ = 0;             
 200   2                      dat>>=1;            
 201   2                      DQ = 1;             
 202   2                      if(DQ)              
 203   2                      dat|=0x80;         
 204   2                      delay(4);          
 205   2              } 
 206   1              return(dat); 
 207   1      } 
 208          
 209          /***********************************
 210          写入字节
 211          *********************************/
 212          uchar WriteOneChar(unsigned char dat) 
 213          { 
 214   1              uchar i = 0; 
 215   1              for (i=8; i>0; i--) 
 216   1              { 
 217   2                      DQ = 0; 
 218   2                      DQ = dat&0x01;  
 219   2                      delay(5); 
 220   2                      DQ = 1; 
 221   2                      dat>>=1;       
 222   2              } 
 223   1              return(dat);
 224   1      } 
 225          /*************************************
 226          温度转换
 227          **************************************/
 228          void tmpchange()            
 229          { 
 230   1        Init_DS18B20();            
 231   1        delay(200);                 
 232   1        WriteOneChar(0xcc);         
 233   1        WriteOneChar(0x44);         
 234   1      } 
 235          /*************************************
 236          读出温度
 237          ************************************/
 238          void tmp()                   
 239          { 
 240   1              Init_DS18B20();            
 241   1              delay(1); 
C51 COMPILER V9.01   DS18B20_1602                                                          04/22/2015 18:47:59 PAGE 5   

 242   1              WriteOneChar(0xcc);         
 243   1              WriteOneChar(0xbe);     
 244   1              m=ReadOneChar(); 
 245   1              n=ReadOneChar(); 
 246   1              temp=n; 
 247   1              temp<<=8;                                                
 248   1              temp=temp|m;    
 249   1              temp=temp>>4;
 250   1      } 
 251          void Data_Process()                     
 252          {
 253   1              buf[0] = temp/10;
 254   1              buf[1] = temp%10;
 255   1      }
 256          
 257          


MODULE INFORMATION:   STATIC OVERLAYABLE
   CODE SIZE        =    455    ----
   CONSTANT SIZE    =     22    ----
   XDATA SIZE       =      3    ----
   PDATA SIZE       =   ----    ----
   DATA SIZE        =     27       1
   IDATA SIZE       =   ----    ----
   BIT SIZE         =   ----    ----
END OF MODULE INFORMATION.


C51 COMPILATION COMPLETE.  0 WARNING(S),  0 ERROR(S)
